<?xml version="1.0" encoding="UTF-8"?>
<testsuite xmlns:xsi="http://www.w3.org/2001/XMLSchema-instance" xsi:noNamespaceSchemaLocation="https://maven.apache.org/surefire/maven-surefire-plugin/xsd/surefire-test-report-3.0.xsd" version="3.0" name="runner.TestRunner" time="82.54" tests="7" errors="0" skipped="0" failures="0">
  <properties>
[...]
</properties>
  <testcase name="Validation of new registration" classname="Verifying Register Functionality" time="40.511">
    <system-out><![CDATA[
Scenario: Validation of new registration      &amp#27;[90m# Resource/features/Register.feature:3&amp#27;[0m
  &amp#27;[32mGiven &amp#27;[0m&amp#27;[32muser use given browser&amp#27;[0m                &amp#27;[90m# stepdefinitions.Register.user_use_given_browser()&amp#27;[0m
  &amp#27;[32mWhen &amp#27;[0m&amp#27;[32ma user enters all required information&amp#27;[0m &amp#27;[90m# stepdefinitions.Register.a_user_enters_all_required_information(io.cucumber.datatable.DataTable)&amp#27;[0m
    | FirstName       | shivappa   |
    | LastName        | somareddy  |
    | Telphone        | 9876562314 |
    | Password        | Test1234   |
    | confirmPassword | Test1234   |
  &amp#27;[32mAnd &amp#27;[0m&amp#27;[32mselects Privcy policy.&amp#27;[0m                  &amp#27;[90m# stepdefinitions.Register.selects_privcy_policy()&amp#27;[0m
  &amp#27;[32mAnd &amp#27;[0m&amp#27;[32mclick on continue button&amp#27;[0m                &amp#27;[90m# stepdefinitions.Register.click_on_continue_button()&amp#27;[0m
  &amp#27;[32mThen &amp#27;[0m&amp#27;[32mthe successful creation of an account&amp#27;[0m  &amp#27;[90m# stepdefinitions.Register.the_successful_creation_of_an_account()&amp#27;[0m

    Embedding Validation_of_new_registration [image/png 57114 bytes]

]]></system-out>
    <system-err><![CDATA[SLF4J(W): No SLF4J providers were found.
SLF4J(W): Defaulting to no-operation (NOP) logger implementation
SLF4J(W): See https://www.slf4j.org/codes.html#noProviders for further details.
Jun 27, 2024 5:00:28 PM org.openqa.selenium.remote.service.DriverService$Builder getLogOutput
INFO: Driver logs no longer sent to console by default; https://www.selenium.dev/documentation/webdriver/drivers/service/#setting-log-output
Jun 27, 2024 5:00:33 PM org.openqa.selenium.devtools.CdpVersionFinder findNearestMatch
WARNING: Unable to find CDP implementation matching 126
Jun 27, 2024 5:00:33 PM org.openqa.selenium.chromium.ChromiumDriver lambda$new$4
WARNING: Unable to find version of CDP to use for . You may need to include a dependency on a specific version of the CDP using something similar to `org.seleniumhq.selenium:selenium-devtools-v86:4.10.0` where the version ("v86") matches the version of the chromium-based browser you're using and the version number of the artifact is the same as Selenium's.
]]></system-err>
  </testcase>
  <testcase name="Validation of new registration with existing details" classname="Verifying Register Functionality" time="7.547">
    <system-out><![CDATA[
Scenario: Validation of new registration with existing details      &amp#27;[90m# Resource/features/Register.feature:18&amp#27;[0m
  &amp#27;[32mGiven &amp#27;[0m&amp#27;[32muser use given browser&amp#27;[0m                                      &amp#27;[90m# stepdefinitions.Register.user_use_given_browser()&amp#27;[0m
  &amp#27;[32mWhen &amp#27;[0m&amp#27;[32ma user enters all required information with existing emailID&amp#27;[0m &amp#27;[90m# stepdefinitions.Register.a_user_enters_all_required_information_with_existing_email_id(io.cucumber.datatable.DataTable)&amp#27;[0m
    | FirstName       | shivappa        |
    | LastName        | somareddy       |
    | EmailId         | shiva@gmail.com |
    | Telphone        | 9876562314      |
    | Password        | Test1234        |
    | confirmPassword | Test1234        |
  &amp#27;[32mAnd &amp#27;[0m&amp#27;[32mselects Privcy policy.&amp#27;[0m                                        &amp#27;[90m# stepdefinitions.Register.selects_privcy_policy()&amp#27;[0m
  &amp#27;[32mAnd &amp#27;[0m&amp#27;[32mclick on continue button&amp#27;[0m                                      &amp#27;[90m# stepdefinitions.Register.click_on_continue_button()&amp#27;[0m
  &amp#27;[32mThen &amp#27;[0m&amp#27;[32mverify waring message displayed&amp#27;[0m                              &amp#27;[90m# stepdefinitions.Register.verify_waring_message_displayed()&amp#27;[0m

    Embedding Validation_of_new_registration_with_existing_details [image/png 53224 bytes]

]]></system-out>
    <system-err><![CDATA[Jun 27, 2024 5:00:43 PM org.openqa.selenium.remote.service.DriverService$Builder getLogOutput
INFO: Driver logs no longer sent to console by default; https://www.selenium.dev/documentation/webdriver/drivers/service/#setting-log-output
Jun 27, 2024 5:00:45 PM org.openqa.selenium.devtools.CdpVersionFinder findNearestMatch
WARNING: Unable to find CDP implementation matching 126
Jun 27, 2024 5:00:45 PM org.openqa.selenium.chromium.ChromiumDriver lambda$new$4
WARNING: Unable to find version of CDP to use for . You may need to include a dependency on a specific version of the CDP using something similar to `org.seleniumhq.selenium:selenium-devtools-v86:4.10.0` where the version ("v86") matches the version of the chromium-based browser you're using and the version number of the artifact is the same as Selenium's.
]]></system-err>
  </testcase>
  <testcase name="Verify login function with valid credentials #1" classname="Login function verifying" time="5.803">
    <system-out><![CDATA[
Scenario Outline: Verify login function with valid credentials    &amp#27;[90m# Resource/features/login.feature:11&amp#27;[0m
  &amp#27;[32mGiven &amp#27;[0m&amp#27;[32muser navigate and lunch browser&amp#27;[0m                           &amp#27;[90m# stepdefinitions.Login.user_navigate_and_lunch_browser()&amp#27;[0m
  &amp#27;[32mWhen &amp#27;[0m&amp#27;[32muser enter username &amp#27;[0m&amp#27;[32m&amp#27;[1mshiva431@gmail.com&amp#27;[0m&amp#27;[32m into username field&amp#27;[0m &amp#27;[90m# stepdefinitions.Login.user_enter_username_into_username_field(java.lang.String)&amp#27;[0m
  &amp#27;[32mAnd &amp#27;[0m&amp#27;[32muser enter password &amp#27;[0m&amp#27;[32m&amp#27;[1mtest1234&amp#27;[0m&amp#27;[32m into password field&amp#27;[0m            &amp#27;[90m# stepdefinitions.Login.user_enter_password_into_password_field(java.lang.String)&amp#27;[0m
  &amp#27;[32mAnd &amp#27;[0m&amp#27;[32muser clicks on login button&amp#27;[0m                                 &amp#27;[90m# stepdefinitions.Login.user_clicks_on_login_button()&amp#27;[0m
  &amp#27;[32mThen &amp#27;[0m&amp#27;[32muser sucessfull log in&amp#27;[0m                                     &amp#27;[90m# stepdefinitions.Login.user_sucessfull_log_in()&amp#27;[0m

    Embedding Verify_login_function_with_valid_credentials [image/png 52521 bytes]

]]></system-out>
    <system-err><![CDATA[Jun 27, 2024 5:00:51 PM org.openqa.selenium.remote.service.DriverService$Builder getLogOutput
INFO: Driver logs no longer sent to console by default; https://www.selenium.dev/documentation/webdriver/drivers/service/#setting-log-output
Jun 27, 2024 5:00:53 PM org.openqa.selenium.devtools.CdpVersionFinder findNearestMatch
WARNING: Unable to find CDP implementation matching 126
Jun 27, 2024 5:00:53 PM org.openqa.selenium.chromium.ChromiumDriver lambda$new$4
WARNING: Unable to find version of CDP to use for . You may need to include a dependency on a specific version of the CDP using something similar to `org.seleniumhq.selenium:selenium-devtools-v86:4.10.0` where the version ("v86") matches the version of the chromium-based browser you're using and the version number of the artifact is the same as Selenium's.
]]></system-err>
  </testcase>
  <testcase name="Verify login function with valid credentials #2" classname="Login function verifying" time="5.554">
    <system-out><![CDATA[
Scenario Outline: Verify login function with valid credentials    &amp#27;[90m# Resource/features/login.feature:12&amp#27;[0m
  &amp#27;[32mGiven &amp#27;[0m&amp#27;[32muser navigate and lunch browser&amp#27;[0m                           &amp#27;[90m# stepdefinitions.Login.user_navigate_and_lunch_browser()&amp#27;[0m
  &amp#27;[32mWhen &amp#27;[0m&amp#27;[32muser enter username &amp#27;[0m&amp#27;[32m&amp#27;[1mshiva431@gmail.com&amp#27;[0m&amp#27;[32m into username field&amp#27;[0m &amp#27;[90m# stepdefinitions.Login.user_enter_username_into_username_field(java.lang.String)&amp#27;[0m
  &amp#27;[32mAnd &amp#27;[0m&amp#27;[32muser enter password &amp#27;[0m&amp#27;[32m&amp#27;[1mtest1234&amp#27;[0m&amp#27;[32m into password field&amp#27;[0m            &amp#27;[90m# stepdefinitions.Login.user_enter_password_into_password_field(java.lang.String)&amp#27;[0m
  &amp#27;[32mAnd &amp#27;[0m&amp#27;[32muser clicks on login button&amp#27;[0m                                 &amp#27;[90m# stepdefinitions.Login.user_clicks_on_login_button()&amp#27;[0m
  &amp#27;[32mThen &amp#27;[0m&amp#27;[32muser sucessfull log in&amp#27;[0m                                     &amp#27;[90m# stepdefinitions.Login.user_sucessfull_log_in()&amp#27;[0m

    Embedding Verify_login_function_with_valid_credentials [image/png 52521 bytes]

]]></system-out>
    <system-err><![CDATA[Jun 27, 2024 5:00:57 PM org.openqa.selenium.remote.service.DriverService$Builder getLogOutput
INFO: Driver logs no longer sent to console by default; https://www.selenium.dev/documentation/webdriver/drivers/service/#setting-log-output
Jun 27, 2024 5:00:58 PM org.openqa.selenium.devtools.CdpVersionFinder findNearestMatch
WARNING: Unable to find CDP implementation matching 126
Jun 27, 2024 5:00:58 PM org.openqa.selenium.chromium.ChromiumDriver lambda$new$4
WARNING: Unable to find version of CDP to use for . You may need to include a dependency on a specific version of the CDP using something similar to `org.seleniumhq.selenium:selenium-devtools-v86:4.10.0` where the version ("v86") matches the version of the chromium-based browser you're using and the version number of the artifact is the same as Selenium's.
]]></system-err>
  </testcase>
  <testcase name="Verify login function with valid credentials #3" classname="Login function verifying" time="7.079">
    <system-out><![CDATA[
Scenario Outline: Verify login function with valid credentials    &amp#27;[90m# Resource/features/login.feature:13&amp#27;[0m
  &amp#27;[32mGiven &amp#27;[0m&amp#27;[32muser navigate and lunch browser&amp#27;[0m                           &amp#27;[90m# stepdefinitions.Login.user_navigate_and_lunch_browser()&amp#27;[0m
  &amp#27;[32mWhen &amp#27;[0m&amp#27;[32muser enter username &amp#27;[0m&amp#27;[32m&amp#27;[1mshiva431@gmail.com&amp#27;[0m&amp#27;[32m into username field&amp#27;[0m &amp#27;[90m# stepdefinitions.Login.user_enter_username_into_username_field(java.lang.String)&amp#27;[0m
  &amp#27;[32mAnd &amp#27;[0m&amp#27;[32muser enter password &amp#27;[0m&amp#27;[32m&amp#27;[1mtest1234&amp#27;[0m&amp#27;[32m into password field&amp#27;[0m            &amp#27;[90m# stepdefinitions.Login.user_enter_password_into_password_field(java.lang.String)&amp#27;[0m
  &amp#27;[32mAnd &amp#27;[0m&amp#27;[32muser clicks on login button&amp#27;[0m                                 &amp#27;[90m# stepdefinitions.Login.user_clicks_on_login_button()&amp#27;[0m
  &amp#27;[32mThen &amp#27;[0m&amp#27;[32muser sucessfull log in&amp#27;[0m                                     &amp#27;[90m# stepdefinitions.Login.user_sucessfull_log_in()&amp#27;[0m

    Embedding Verify_login_function_with_valid_credentials [image/png 52521 bytes]

]]></system-out>
    <system-err><![CDATA[Jun 27, 2024 5:01:02 PM org.openqa.selenium.remote.service.DriverService$Builder getLogOutput
INFO: Driver logs no longer sent to console by default; https://www.selenium.dev/documentation/webdriver/drivers/service/#setting-log-output
Jun 27, 2024 5:01:04 PM org.openqa.selenium.devtools.CdpVersionFinder findNearestMatch
WARNING: Unable to find CDP implementation matching 126
Jun 27, 2024 5:01:04 PM org.openqa.selenium.chromium.ChromiumDriver lambda$new$4
WARNING: Unable to find version of CDP to use for . You may need to include a dependency on a specific version of the CDP using something similar to `org.seleniumhq.selenium:selenium-devtools-v86:4.10.0` where the version ("v86") matches the version of the chromium-based browser you're using and the version number of the artifact is the same as Selenium's.
]]></system-err>
  </testcase>
  <testcase name="Verify login function with invalid credentials #1" classname="Login function verifying" time="6.366">
    <system-out><![CDATA[
Scenario: Verify login function with invalid credentials                 &amp#27;[90m# Resource/features/login.feature:14&amp#27;[0m
  &amp#27;[32mGiven &amp#27;[0m&amp#27;[32muser navigate and lunch browser&amp#27;[0m                                  &amp#27;[90m# stepdefinitions.Login.user_navigate_and_lunch_browser()&amp#27;[0m
  &amp#27;[32mWhen &amp#27;[0m&amp#27;[32muser enter invalid username &amp#27;[0m&amp#27;[32m&amp#27;[1m"shiva@gmail.com"&amp#27;[0m&amp#27;[32m into username field&amp#27;[0m &amp#27;[90m# stepdefinitions.Login.user_enter_invalid_username_into_username_field(java.lang.String)&amp#27;[0m
  &amp#27;[32mAnd &amp#27;[0m&amp#27;[32muser enter password &amp#27;[0m&amp#27;[32m&amp#27;[1m"test1234"&amp#27;[0m&amp#27;[32m into password field&amp#27;[0m                 &amp#27;[90m# stepdefinitions.Login.user_enter_password_into_password_field(java.lang.String)&amp#27;[0m
  &amp#27;[32mAnd &amp#27;[0m&amp#27;[32muser clicks on login button&amp#27;[0m                                        &amp#27;[90m# stepdefinitions.Login.user_clicks_on_login_button()&amp#27;[0m
  &amp#27;[32mThen &amp#27;[0m&amp#27;[32muser verify warning meassage&amp#27;[0m                                      &amp#27;[90m# stepdefinitions.Login.user_verify_warning_meassage()&amp#27;[0m

    Embedding Verify_login_function_with_invalid_credentials [image/png 56526 bytes]

]]></system-out>
    <system-err><![CDATA[Jun 27, 2024 5:01:09 PM org.openqa.selenium.remote.service.DriverService$Builder getLogOutput
INFO: Driver logs no longer sent to console by default; https://www.selenium.dev/documentation/webdriver/drivers/service/#setting-log-output
Jun 27, 2024 5:01:11 PM org.openqa.selenium.devtools.CdpVersionFinder findNearestMatch
WARNING: Unable to find CDP implementation matching 126
Jun 27, 2024 5:01:11 PM org.openqa.selenium.chromium.ChromiumDriver lambda$new$4
WARNING: Unable to find version of CDP to use for . You may need to include a dependency on a specific version of the CDP using something similar to `org.seleniumhq.selenium:selenium-devtools-v86:4.10.0` where the version ("v86") matches the version of the chromium-based browser you're using and the version number of the artifact is the same as Selenium's.
]]></system-err>
  </testcase>
  <testcase name="Verify login function with invalid credentials #2" classname="Login function verifying" time="5.216">
    <system-out><![CDATA[
Scenario: Verify login function with invalid credentials            &amp#27;[90m# Resource/features/login.feature:21&amp#27;[0m
  &amp#27;[32mGiven &amp#27;[0m&amp#27;[32muser navigate and lunch browser&amp#27;[0m                             &amp#27;[90m# stepdefinitions.Login.user_navigate_and_lunch_browser()&amp#27;[0m
  &amp#27;[32mWhen &amp#27;[0m&amp#27;[32muser enter username &amp#27;[0m&amp#27;[32m&amp#27;[1m"shiva431@gmail.com"&amp#27;[0m&amp#27;[32m into username field&amp#27;[0m &amp#27;[90m# stepdefinitions.Login.user_enter_username_into_username_field(java.lang.String)&amp#27;[0m
  &amp#27;[32mAnd &amp#27;[0m&amp#27;[32muser enter invalidpassword &amp#27;[0m&amp#27;[32m&amp#27;[1m"test12343"&amp#27;[0m&amp#27;[32m into password field&amp#27;[0m    &amp#27;[90m# stepdefinitions.Login.user_enter_invalidpassword_into_password_field(java.lang.String)&amp#27;[0m
  &amp#27;[32mAnd &amp#27;[0m&amp#27;[32muser clicks on login button&amp#27;[0m                                   &amp#27;[90m# stepdefinitions.Login.user_clicks_on_login_button()&amp#27;[0m
  &amp#27;[32mThen &amp#27;[0m&amp#27;[32muser verify warning meassage&amp#27;[0m                                 &amp#27;[90m# stepdefinitions.Login.user_verify_warning_meassage()&amp#27;[0m

    Embedding Verify_login_function_with_invalid_credentials [image/png 56824 bytes]

]]></system-out>
    <system-err><![CDATA[Jun 27, 2024 5:01:16 PM org.openqa.selenium.remote.service.DriverService$Builder getLogOutput
INFO: Driver logs no longer sent to console by default; https://www.selenium.dev/documentation/webdriver/drivers/service/#setting-log-output
Jun 27, 2024 5:01:17 PM org.openqa.selenium.devtools.CdpVersionFinder findNearestMatch
WARNING: Unable to find CDP implementation matching 126
Jun 27, 2024 5:01:17 PM org.openqa.selenium.chromium.ChromiumDriver lambda$new$4
WARNING: Unable to find version of CDP to use for . You may need to include a dependency on a specific version of the CDP using something similar to `org.seleniumhq.selenium:selenium-devtools-v86:4.10.0` where the version ("v86") matches the version of the chromium-based browser you're using and the version number of the artifact is the same as Selenium's.
]]></system-err>
  </testcase>
</testsuite>